2023-03-07 18:25:08.418 [info] Log level: Info
2023-03-07 18:25:08.418 [info] Validating found git in: "git"
2023-03-07 18:25:08.418 [info] Using git "2.34.1" from "git"
2023-03-07 18:25:08.418 [info] > git rev-parse --show-toplevel [10ms]
2023-03-07 18:25:08.418 [info] > git rev-parse --git-dir --git-common-dir [1ms]
2023-03-07 18:25:08.418 [info] Open repository: /home/jaden/Portfolio1
2023-03-07 18:25:08.418 [info] > git rev-parse --show-toplevel [27ms]
2023-03-07 18:25:08.418 [info] > git rev-parse --show-toplevel [18ms]
2023-03-07 18:25:08.418 [info] > git config --get commit.template [58ms]
2023-03-07 18:25:08.418 [info] > git rev-parse --show-toplevel [5ms]
2023-03-07 18:25:08.418 [info] > git rev-parse --show-toplevel [9ms]
2023-03-07 18:25:08.418 [info] > git for-each-ref --format=%(refname)%00%(upstream:short)%00%(objectname)%00%(upstream:track)%00%(upstream:remotename)%00%(upstream:remoteref) refs/heads/main refs/remotes/main [9ms]
2023-03-07 18:25:08.418 [info] > git status -z -uall [3ms]
2023-03-07 18:25:08.418 [info] > git config --get commit.template [2ms]
2023-03-07 18:25:08.418 [info] > git for-each-ref --format=%(refname)%00%(upstream:short)%00%(objectname)%00%(upstream:track)%00%(upstream:remotename)%00%(upstream:remoteref) refs/heads/main refs/remotes/main [1ms]
2023-03-07 18:25:08.418 [info] > git status -z -uall [2ms]
2023-03-07 18:25:08.442 [info] > git check-ignore -v -z --stdin [20ms]
2023-03-07 18:25:08.443 [info] > git show --textconv :README.md [17ms]
2023-03-07 18:25:08.443 [info] > git ls-files --stage -- /home/jaden/Portfolio1/README.md [14ms]
2023-03-07 18:25:08.448 [info] > git cat-file -s f2e40e18dbafe56b7af70f5cbccbb3a3e808d933 [2ms]
2023-03-07 18:32:50.657 [info] > git show --textconv :.gitignore [4ms]
2023-03-07 18:32:50.657 [info] > git ls-files --stage -- /home/jaden/Portfolio1/.gitignore [1ms]
2023-03-07 18:32:50.660 [info] > git cat-file -s 4d29575de80483b005c29bfcac5061cd2f45313e [1ms]
2023-03-07 18:32:51.476 [info] > git check-ignore -v -z --stdin [1ms]
2023-03-07 18:32:58.574 [info] > git show --textconv :src/setupTests.js [4ms]
2023-03-07 18:32:58.575 [info] > git ls-files --stage -- /home/jaden/Portfolio1/src/setupTests.js [1ms]
2023-03-07 18:32:58.579 [info] > git cat-file -s 8f2609b7b3e0e3897ab3bcaad13caf6876e48699 [1ms]
2023-03-07 18:33:00.650 [info] > git show --textconv :src/reportWebVitals.js [4ms]
2023-03-07 18:33:00.651 [info] > git ls-files --stage -- /home/jaden/Portfolio1/src/reportWebVitals.js [1ms]
2023-03-07 18:33:00.655 [info] > git cat-file -s 5253d3ad9e6be6690549cb255f5952337b02401d [1ms]
2023-03-07 18:33:01.502 [info] > git show --textconv :src/setupTests.js [4ms]
2023-03-07 18:33:01.502 [info] > git ls-files --stage -- /home/jaden/Portfolio1/src/setupTests.js [1ms]
2023-03-07 18:33:01.506 [info] > git cat-file -s 8f2609b7b3e0e3897ab3bcaad13caf6876e48699 [0ms]
2023-03-07 18:33:02.892 [info] > git show --textconv :src/App.js [3ms]
2023-03-07 18:33:02.893 [info] > git ls-files --stage -- /home/jaden/Portfolio1/src/App.js [0ms]
2023-03-07 18:33:02.896 [info] > git cat-file -s d93cf20cccfdeb861dcf630ddeeb5f2864ae0fd5 [1ms]
2023-03-07 18:33:30.173 [info] > git show --textconv :src/App.scss [3ms]
2023-03-07 18:33:30.174 [info] > git ls-files --stage -- /home/jaden/Portfolio1/src/App.scss [1ms]
2023-03-07 18:33:30.179 [info] > git cat-file -s 506e51647214b309158aa6c020c1723b428b06ea [0ms]
2023-03-07 18:33:40.176 [info] > git show --textconv :src/index.css [4ms]
2023-03-07 18:33:40.177 [info] > git ls-files --stage -- /home/jaden/Portfolio1/src/index.css [1ms]
2023-03-07 18:33:40.180 [info] > git cat-file -s 3c4fc9b8149ad46f1f2b562c3a3d3b748fba2f79 [1ms]
2023-03-07 18:33:40.605 [info] > git show --textconv :src/App.test.js [3ms]
2023-03-07 18:33:40.605 [info] > git ls-files --stage -- /home/jaden/Portfolio1/src/App.test.js [1ms]
2023-03-07 18:33:40.608 [info] > git cat-file -s 1f03afeece5ac28064fa3c73a29215037465f789 [0ms]
2023-03-07 18:33:42.340 [info] > git show --textconv :src/index.js [4ms]
2023-03-07 18:33:42.341 [info] > git ls-files --stage -- /home/jaden/Portfolio1/src/index.js [1ms]
2023-03-07 18:33:42.346 [info] > git cat-file -s 7a6abde66837191a943ec982c335ed7595aab581 [1ms]
2023-03-07 18:33:54.570 [info] > git show --textconv :src/index.css [4ms]
2023-03-07 18:33:54.571 [info] > git ls-files --stage -- /home/jaden/Portfolio1/src/index.css [1ms]
2023-03-07 18:33:54.575 [info] > git cat-file -s 3c4fc9b8149ad46f1f2b562c3a3d3b748fba2f79 [1ms]
2023-03-07 18:34:07.017 [info] > git show --textconv :src/App.scss [3ms]
2023-03-07 18:34:07.019 [info] > git ls-files --stage -- /home/jaden/Portfolio1/src/App.scss [2ms]
2023-03-07 18:34:07.022 [info] > git cat-file -s 506e51647214b309158aa6c020c1723b428b06ea [1ms]
2023-03-07 18:34:11.738 [info] > git show --textconv :src/App.js [3ms]
2023-03-07 18:34:11.739 [info] > git ls-files --stage -- /home/jaden/Portfolio1/src/App.js [1ms]
2023-03-07 18:34:11.742 [info] > git cat-file -s d93cf20cccfdeb861dcf630ddeeb5f2864ae0fd5 [1ms]
2023-03-07 18:34:13.024 [info] > git show --textconv :src/App.test.js [3ms]
2023-03-07 18:34:13.025 [info] > git ls-files --stage -- /home/jaden/Portfolio1/src/App.test.js [1ms]
2023-03-07 18:34:13.029 [info] > git cat-file -s 1f03afeece5ac28064fa3c73a29215037465f789 [1ms]
2023-03-07 18:34:15.579 [info] > git check-ignore -v -z --stdin [1ms]
2023-03-07 18:34:22.067 [info] > git check-ignore -v -z --stdin [0ms]
2023-03-07 18:34:22.695 [info] > git check-ignore -v -z --stdin [0ms]
2023-03-07 18:34:27.398 [info] > git check-ignore -v -z --stdin [0ms]
2023-03-07 18:35:09.602 [info] > git check-ignore -v -z --stdin [1ms]
2023-03-07 18:35:27.403 [info] > git check-ignore -v -z --stdin [1ms]
2023-03-07 18:35:28.576 [info] > git check-ignore -v -z --stdin [1ms]
2023-03-07 18:35:33.851 [info] > git show --textconv :src/components/Videos/index.js [4ms]
2023-03-07 18:35:33.852 [info] > git ls-files --stage -- /home/jaden/Portfolio1/src/components/Videos/index.js [2ms]
2023-03-07 18:35:33.855 [info] > git cat-file -s e1c6ddfe51967675c50abdf4add77ccb042a0594 [1ms]
2023-03-07 18:35:34.318 [info] > git show --textconv :src/components/Videos/index.scss [3ms]
2023-03-07 18:35:34.319 [info] > git ls-files --stage -- /home/jaden/Portfolio1/src/components/Videos/index.scss [1ms]
2023-03-07 18:35:34.322 [info] > git cat-file -s e69de29bb2d1d6434b8b29ae775ad8c2e48c5391 [1ms]
2023-03-07 18:35:50.367 [info] > git show --textconv :src/components/About/index.js [4ms]
2023-03-07 18:35:50.368 [info] > git ls-files --stage -- /home/jaden/Portfolio1/src/components/About/index.js [2ms]
2023-03-07 18:35:50.371 [info] > git cat-file -s 716278f4623da4785ba85a9178bb6363e9182b5e [1ms]
2023-03-07 18:36:02.546 [info] > git check-ignore -v -z --stdin [1ms]
2023-03-07 18:36:02.847 [info] > git show --textconv :src/components/AnimatedLetters/index.js [4ms]
2023-03-07 18:36:02.848 [info] > git ls-files --stage -- /home/jaden/Portfolio1/src/components/AnimatedLetters/index.js [1ms]
2023-03-07 18:36:02.852 [info] > git cat-file -s 7f69a5c21850e79e4dfa5d895f4c1e6ab570cbe7 [1ms]
2023-03-07 18:36:03.433 [info] > git show --textconv :src/components/AnimatedLetters/index.scss [4ms]
2023-03-07 18:36:03.434 [info] > git ls-files --stage -- /home/jaden/Portfolio1/src/components/AnimatedLetters/index.scss [2ms]
2023-03-07 18:36:03.438 [info] > git cat-file -s bd41bf27fb25528fc0943077e39b9faad62d97bc [0ms]
2023-03-07 18:37:09.540 [info] > git show --textconv :src/components/About/index.js [5ms]
2023-03-07 18:37:09.541 [info] > git ls-files --stage -- /home/jaden/Portfolio1/src/components/About/index.js [2ms]
2023-03-07 18:37:09.545 [info] > git cat-file -s 716278f4623da4785ba85a9178bb6363e9182b5e [1ms]
2023-03-07 18:37:28.177 [info] > git check-ignore -v -z --stdin [1ms]
2023-03-07 18:37:28.855 [info] > git show --textconv :src/components/Contact/index.js [3ms]
2023-03-07 18:37:28.855 [info] > git ls-files --stage -- /home/jaden/Portfolio1/src/components/Contact/index.js [0ms]
2023-03-07 18:37:28.858 [info] > git cat-file -s 97f0b7daca1ccea30bb7faa9d0b04ee371bc3465 [0ms]
2023-03-07 18:38:00.071 [info] > git show --textconv :src/components/Videos/index.scss [5ms]
2023-03-07 18:38:00.071 [info] > git ls-files --stage -- /home/jaden/Portfolio1/src/components/Videos/index.scss [1ms]
2023-03-07 18:38:00.075 [info] > git cat-file -s e69de29bb2d1d6434b8b29ae775ad8c2e48c5391 [0ms]
2023-03-07 18:38:00.532 [info] > git show --textconv :src/components/Videos/index.js [3ms]
2023-03-07 18:38:00.533 [info] > git ls-files --stage -- /home/jaden/Portfolio1/src/components/Videos/index.js [1ms]
2023-03-07 18:38:00.536 [info] > git cat-file -s e1c6ddfe51967675c50abdf4add77ccb042a0594 [1ms]
2023-03-07 18:38:04.398 [info] > git config --get commit.template [4ms]
2023-03-07 18:38:04.398 [info] > git for-each-ref --format=%(refname)%00%(upstream:short)%00%(objectname)%00%(upstream:track)%00%(upstream:remotename)%00%(upstream:remoteref) refs/heads/main refs/remotes/main [1ms]
2023-03-07 18:38:04.402 [info] > git status -z -uall [1ms]
2023-03-07 18:38:12.078 [info] > git check-ignore -v -z --stdin [0ms]
2023-03-07 18:38:21.197 [info] > git ls-files --stage -- /home/jaden/Portfolio1/src/components/Home/Logo/index.js [1ms]
2023-03-07 18:38:21.202 [info] > git show --textconv :src/components/Home/Logo/index.js [9ms]
2023-03-07 18:38:21.202 [info] > git cat-file -s 866960f74c676d03f30c242169dd3037affc79d0 [2ms]
2023-03-07 18:38:29.378 [info] > git check-ignore -v -z --stdin [1ms]
2023-03-07 18:38:29.588 [info] > git show --textconv :src/components/Layout/index.js [4ms]
2023-03-07 18:38:29.589 [info] > git ls-files --stage -- /home/jaden/Portfolio1/src/components/Layout/index.js [2ms]
2023-03-07 18:38:29.593 [info] > git cat-file -s e2893950ef0355ceb970ec6e634c05e6942929e7 [1ms]
2023-03-07 18:38:37.870 [info] > git check-ignore -v -z --stdin [1ms]
2023-03-07 18:38:38.137 [info] > git show --textconv :src/components/ParticleJS/index.js [5ms]
2023-03-07 18:38:38.137 [info] > git ls-files --stage -- /home/jaden/Portfolio1/src/components/ParticleJS/index.js [1ms]
2023-03-07 18:38:38.141 [info] > git cat-file -s ec70362abbc0a7fdab2fd5d207697a9655587514 [1ms]
2023-03-07 18:38:43.031 [info] > git show --textconv :src/components/Sidebar/index.js [4ms]
2023-03-07 18:38:43.032 [info] > git ls-files --stage -- /home/jaden/Portfolio1/src/components/Sidebar/index.js [1ms]
2023-03-07 18:38:43.036 [info] > git cat-file -s 7be86168dda5187fea5fde2071988aa96eb9493f [1ms]
