2023-03-07 18:29:26.213 [info] Log level: Info
2023-03-07 18:29:26.213 [info] Validating found git in: "git"
2023-03-07 18:29:26.213 [info] Using git "2.34.1" from "git"
2023-03-07 18:29:26.213 [info] > git rev-parse --show-toplevel [2ms]
2023-03-07 18:29:26.213 [info] > git rev-parse --git-dir --git-common-dir [1ms]
2023-03-07 18:29:26.213 [info] Open repository: /home/jaden
2023-03-07 18:29:26.213 [info] > git rev-parse --show-toplevel [6ms]
2023-03-07 18:29:26.213 [info] > git rev-parse --show-toplevel [2ms]
2023-03-07 18:29:26.213 [info] > git config --get commit.template [6ms]
2023-03-07 18:29:26.223 [info] > git for-each-ref --format=%(refname)%00%(upstream:short)%00%(objectname)%00%(upstream:track)%00%(upstream:remotename)%00%(upstream:remoteref) refs/heads/main refs/remotes/main [1ms]
2023-03-07 18:29:26.275 [info] > git status -z -uall [48ms] (cancelled)
2023-03-07 18:29:26.405 [info] > git check-ignore -v -z --stdin [1ms]
2023-03-07 18:30:26.279 [info] > git show --textconv :portfoliomvp/package.json [4ms]
2023-03-07 18:30:26.280 [info] > git ls-files --stage -- /home/jaden/portfoliomvp/package.json [2ms]
2023-03-07 18:32:06.173 [info] > git check-ignore -v -z --stdin [1ms]
2023-03-07 18:32:10.007 [info] > git show --textconv :portfoliomvp/src/App.jsx [7ms]
2023-03-07 18:32:10.008 [info] > git ls-files --stage -- /home/jaden/portfoliomvp/src/App.jsx [2ms]
2023-03-07 18:32:13.206 [info] > git check-ignore -v -z --stdin [1ms]
2023-03-07 18:32:13.680 [info] > git show --textconv :portfoliomvp/src/assets/react.svg [3ms]
2023-03-07 18:32:13.681 [info] > git ls-files --stage -- /home/jaden/portfoliomvp/src/assets/react.svg [1ms]
2023-03-07 18:32:14.657 [info] > git show --textconv :portfoliomvp/src/App.css [3ms]
2023-03-07 18:32:14.658 [info] > git ls-files --stage -- /home/jaden/portfoliomvp/src/App.css [1ms]
2023-03-07 18:32:15.491 [info] > git show --textconv :portfoliomvp/src/index.css [3ms]
2023-03-07 18:32:15.492 [info] > git ls-files --stage -- /home/jaden/portfoliomvp/src/index.css [1ms]
2023-03-07 18:32:16.041 [info] > git show --textconv :portfoliomvp/src/App.jsx [4ms]
2023-03-07 18:32:16.041 [info] > git ls-files --stage -- /home/jaden/portfoliomvp/src/App.jsx [1ms]
2023-03-07 18:32:16.420 [info] > git show --textconv :portfoliomvp/src/index.css [3ms]
2023-03-07 18:32:16.421 [info] > git ls-files --stage -- /home/jaden/portfoliomvp/src/index.css [1ms]
2023-03-07 18:33:04.839 [info] > git show --textconv :portfoliomvp/src/App.jsx [3ms]
2023-03-07 18:33:04.839 [info] > git ls-files --stage -- /home/jaden/portfoliomvp/src/App.jsx [1ms]
2023-03-07 18:33:28.049 [info] > git show --textconv :portfoliomvp/src/index.css [4ms]
2023-03-07 18:33:28.050 [info] > git ls-files --stage -- /home/jaden/portfoliomvp/src/index.css [1ms]
2023-03-07 18:33:35.600 [info] > git show --textconv :portfoliomvp/src/App.scss [5ms]
2023-03-07 18:33:35.600 [info] > git ls-files --stage -- /home/jaden/portfoliomvp/src/App.scss [2ms]
2023-03-07 18:33:35.863 [info] > git check-ignore -v -z --stdin [0ms]
2023-03-07 18:33:36.587 [info] > git show --textconv :portfoliomvp/src/App.css [3ms]
2023-03-07 18:33:36.588 [info] > git ls-files --stage -- /home/jaden/portfoliomvp/src/App.css [1ms]
2023-03-07 18:33:46.280 [info] > git show --textconv :portfoliomvp/src/main.jsx [4ms]
2023-03-07 18:33:46.281 [info] > git ls-files --stage -- /home/jaden/portfoliomvp/src/main.jsx [2ms]
2023-03-07 18:33:52.626 [info] > git show --textconv :portfoliomvp/src/index.css [3ms]
2023-03-07 18:33:52.627 [info] > git ls-files --stage -- /home/jaden/portfoliomvp/src/index.css [1ms]
2023-03-07 18:34:19.861 [info] > git show --textconv :portfoliomvp/src/assets/react.svg [3ms]
2023-03-07 18:34:19.863 [info] > git ls-files --stage -- /home/jaden/portfoliomvp/src/assets/react.svg [2ms]
2023-03-07 18:34:38.652 [info] > git check-ignore -v -z --stdin [1ms]
2023-03-07 18:34:50.302 [info] > git check-ignore -v -z --stdin [1ms]
2023-03-07 18:35:02.078 [info] > git check-ignore -v -z --stdin [0ms]
2023-03-07 18:35:03.104 [info] > git check-ignore -v -z --stdin [1ms]
2023-03-07 18:35:25.219 [info] > git check-ignore -v -z --stdin [0ms]
2023-03-07 18:35:49.539 [info] > git check-ignore -v -z --stdin [0ms]
2023-03-07 18:35:54.028 [info] > git check-ignore -v -z --stdin [0ms]
2023-03-07 18:35:59.845 [info] > git check-ignore -v -z --stdin [1ms]
2023-03-07 18:36:06.125 [info] > git check-ignore -v -z --stdin [0ms]
2023-03-07 18:36:50.239 [info] > git check-ignore -v -z --stdin [1ms]
2023-03-07 18:36:57.464 [info] > git check-ignore -v -z --stdin [0ms]
2023-03-07 18:37:02.565 [info] > git check-ignore -v -z --stdin [1ms]
2023-03-07 18:37:17.910 [info] > git check-ignore -v -z --stdin [1ms]
2023-03-07 18:37:20.909 [info] > git check-ignore -v -z --stdin [0ms]
2023-03-07 18:37:31.766 [info] > git check-ignore -v -z --stdin [1ms]
2023-03-07 18:37:35.673 [info] > git check-ignore -v -z --stdin [1ms]
2023-03-07 18:37:40.029 [info] > git check-ignore -v -z --stdin [0ms]
2023-03-07 18:37:45.325 [info] > git check-ignore -v -z --stdin [1ms]
2023-03-07 18:37:50.532 [info] > git check-ignore -v -z --stdin [0ms]
2023-03-07 18:37:55.934 [info] > git check-ignore -v -z --stdin [1ms]
2023-03-07 18:38:15.638 [info] > git check-ignore -v -z --stdin [0ms]
2023-03-07 18:38:19.485 [info] > git check-ignore -v -z --stdin [0ms]
2023-03-07 18:38:24.195 [info] > git check-ignore -v -z --stdin [1ms]
2023-03-07 18:38:35.442 [info] > git check-ignore -v -z --stdin [0ms]
2023-03-07 18:38:40.063 [info] > git show --textconv :portfoliomvp/src/components/ParticleJS/index.js [4ms]
2023-03-07 18:38:40.064 [info] > git ls-files --stage -- /home/jaden/portfoliomvp/src/components/ParticleJS/index.js [1ms]
2023-03-07 18:38:40.229 [info] > git check-ignore -v -z --stdin [1ms]
2023-03-07 18:38:46.706 [info] > git check-ignore -v -z --stdin [0ms]
2023-03-07 18:39:09.238 [info] > git check-ignore -v -z --stdin [0ms]
2023-03-07 18:39:13.422 [info] > git show --textconv :portfoliomvp/src/components/ParticleJS/index.jsx [4ms]
2023-03-07 18:39:13.423 [info] > git ls-files --stage -- /home/jaden/portfoliomvp/src/components/ParticleJS/index.jsx [1ms]
2023-03-07 18:39:13.675 [info] > git check-ignore -v -z --stdin [1ms]
2023-03-07 18:39:17.355 [info] > git check-ignore -v -z --stdin [0ms]
2023-03-07 18:39:21.523 [info] > git check-ignore -v -z --stdin [0ms]
2023-03-07 18:39:27.637 [info] > git check-ignore -v -z --stdin [1ms]
2023-03-07 18:39:33.425 [info] > git check-ignore -v -z --stdin [3ms]
2023-03-07 18:39:37.613 [info] > git check-ignore -v -z --stdin [0ms]
2023-03-07 18:39:40.995 [info] > git show --textconv :portfoliomvp/src/components/About/index.js [4ms]
2023-03-07 18:39:40.996 [info] > git ls-files --stage -- /home/jaden/portfoliomvp/src/components/About/index.js [1ms]
2023-03-07 18:39:44.259 [info] > git show --textconv :portfoliomvp/src/components/About/index.jsx [4ms]
2023-03-07 18:39:44.259 [info] > git ls-files --stage -- /home/jaden/portfoliomvp/src/components/About/index.jsx [1ms]
2023-03-07 18:39:44.502 [info] > git check-ignore -v -z --stdin [1ms]
2023-03-07 18:42:45.721 [info] > git show --textconv :portfoliomvp/src/components/Home/index.jsx [4ms]
2023-03-07 18:42:45.722 [info] > git ls-files --stage -- /home/jaden/portfoliomvp/src/components/Home/index.jsx [1ms]
2023-03-07 18:42:49.463 [info] > git show --textconv :portfoliomvp/src/components/Layout/index.jsx [4ms]
2023-03-07 18:42:49.464 [info] > git ls-files --stage -- /home/jaden/portfoliomvp/src/components/Layout/index.jsx [2ms]
2023-03-07 18:49:24.190 [info] > git show --textconv :portfoliomvp/src/components/AnimatedLetters/index.scss [4ms]
2023-03-07 18:49:24.190 [info] > git ls-files --stage -- /home/jaden/portfoliomvp/src/components/AnimatedLetters/index.scss [1ms]
2023-03-07 18:50:38.083 [info] > git show --textconv :portfoliomvp/src/components/Sidebar/index.jsx [10ms]
2023-03-07 18:50:38.085 [info] > git ls-files --stage -- /home/jaden/portfoliomvp/src/components/Sidebar/index.jsx [4ms]
