2023-03-03 21:34:26.730 [info] Log level: Info
2023-03-03 21:34:26.730 [info] Validating found git in: "git"
2023-03-03 21:34:26.730 [info] Using git "2.34.1" from "git"
2023-03-03 21:34:26.730 [info] > git rev-parse --show-toplevel [299ms]
2023-03-03 21:34:26.730 [info] > git rev-parse --git-dir --git-common-dir [1ms]
2023-03-03 21:34:26.730 [info] Open repository: /home/jaden
2023-03-03 21:34:26.760 [info] > git config --get commit.template [25ms]
2023-03-03 21:34:26.767 [info] > git for-each-ref --format=%(refname)%00%(upstream:short)%00%(objectname)%00%(upstream:track)%00%(upstream:remotename)%00%(upstream:remoteref) refs/heads/main refs/remotes/main [4ms]
2023-03-03 21:34:26.828 [info] > git status -z -uall [58ms]
2023-03-03 21:34:27.320 [info] > git config --get commit.template [377ms]
2023-03-03 21:34:27.331 [info] > git for-each-ref --format=%(refname)%00%(upstream:short)%00%(objectname)%00%(upstream:track)%00%(upstream:remotename)%00%(upstream:remoteref) refs/heads/main refs/remotes/main [1ms]
2023-03-03 21:34:27.354 [info] > git status -z -uall [20ms]
2023-03-03 21:34:32.374 [info] > git check-ignore -v -z --stdin [2ms]
2023-03-03 21:34:35.423 [info] > git config --get commit.template [1ms]
2023-03-03 21:34:35.427 [info] > git for-each-ref --format=%(refname)%00%(upstream:short)%00%(objectname)%00%(upstream:track)%00%(upstream:remotename)%00%(upstream:remoteref) refs/heads/main refs/remotes/main [1ms]
2023-03-03 21:34:35.452 [info] > git status -z -uall [18ms]
2023-03-03 21:34:40.939 [info] > git show --textconv :.git/COMMIT_EDITMSG [4ms]
2023-03-03 21:34:40.940 [info] > git ls-files --stage -- /home/jaden/.git/COMMIT_EDITMSG [1ms]
2023-03-03 21:34:41.204 [info] > git check-ignore -v -z --stdin [1ms]
2023-03-03 21:34:41.760 [info] > git ls-files --stage -- /home/jaden/.git/COMMIT_EDITMSG [0ms]
2023-03-03 21:34:41.766 [info] > git show --textconv :.git/COMMIT_EDITMSG [0ms]
2023-03-03 21:43:18.765 [info] > git check-ignore -v -z --stdin [2ms]
2023-03-03 21:43:23.632 [info] > git ls-files --stage -- /home/jaden/.git/COMMIT_EDITMSG [1ms]
2023-03-03 21:43:23.681 [info] > git show --textconv :.git/COMMIT_EDITMSG [1ms]
2023-03-03 21:43:31.241 [info] > git check-ignore -v -z --stdin [1ms]
2023-03-03 21:43:32.070 [info] > git show --textconv :projects/critterbug-art/package.json [6ms]
2023-03-03 21:43:32.081 [info] > git ls-files --stage -- /home/jaden/projects/critterbug-art/package.json [13ms]
2023-03-03 21:43:32.093 [info] > git cat-file -s 0917a79e790d577a4fa7c991b7755d173a417a5e [7ms]
2023-03-03 21:43:33.139 [info] > git ls-files --stage -- /home/jaden/projects/critterbug-art/package-lock.json [1ms]
2023-03-03 21:43:33.144 [info] > git cat-file -s a5cc1c5aa8b96c2182178560a6b236b6fa04a8bd [1ms]
2023-03-03 21:43:33.145 [info] > git show --textconv :projects/critterbug-art/package-lock.json [12ms]
2023-03-03 21:43:33.567 [info] > git show --textconv :projects/critterbug-art/.gitignore [4ms]
2023-03-03 21:43:33.567 [info] > git ls-files --stage -- /home/jaden/projects/critterbug-art/.gitignore [1ms]
2023-03-03 21:43:33.572 [info] > git cat-file -s 4d29575de80483b005c29bfcac5061cd2f45313e [1ms]
2023-03-03 21:43:34.596 [info] > git ls-files --stage -- /home/jaden/projects/critterbug-art/package-lock.json [1ms]
2023-03-03 21:43:34.602 [info] > git cat-file -s a5cc1c5aa8b96c2182178560a6b236b6fa04a8bd [1ms]
2023-03-03 21:43:34.603 [info] > git show --textconv :projects/critterbug-art/package-lock.json [12ms]
