2023-03-07 16:09:43.330 [info] Log level: Info
2023-03-07 16:09:43.330 [info] Validating found git in: "git"
2023-03-07 16:09:43.330 [info] Using git "2.34.1" from "git"
2023-03-07 16:09:43.330 [info] > git rev-parse --show-toplevel [435ms]
2023-03-07 16:09:43.330 [info] > git rev-parse --git-dir --git-common-dir [25ms]
2023-03-07 16:09:43.330 [info] Open repository: /home/jaden
2023-03-07 16:09:43.337 [info] > git rev-parse --show-toplevel [7ms]
2023-03-07 16:09:43.337 [info] fatal: this operation must be run in a work tree
2023-03-07 16:09:43.341 [info] > git config --get commit.template [7ms]
2023-03-07 16:09:43.342 [info] > git rev-parse --show-toplevel [1ms]
2023-03-07 16:09:43.354 [info] > git rev-parse --git-dir --git-common-dir [6ms]
2023-03-07 16:09:43.356 [info] Open repository: /home/jaden/projects/critterbug-art
2023-03-07 16:09:43.362 [info] > git for-each-ref --format=%(refname)%00%(upstream:short)%00%(objectname)%00%(upstream:track)%00%(upstream:remotename)%00%(upstream:remoteref) refs/heads/main refs/remotes/main [17ms]
2023-03-07 16:09:43.377 [info] > git rev-parse --show-toplevel [17ms]
2023-03-07 16:09:43.384 [info] > git rev-parse --show-toplevel [4ms]
2023-03-07 16:09:43.384 [info] > git config --get commit.template [8ms]
2023-03-07 16:09:43.435 [info] > git for-each-ref --format=%(refname)%00%(upstream:short)%00%(objectname)%00%(upstream:track)%00%(upstream:remotename)%00%(upstream:remoteref) refs/heads/main refs/remotes/main [46ms]
2023-03-07 16:09:43.446 [info] > git status -z -uall [8ms]
2023-03-07 16:09:43.527 [info] > git config --get commit.template [2ms]
2023-03-07 16:09:43.584 [info] > git for-each-ref --format=%(refname)%00%(upstream:short)%00%(objectname)%00%(upstream:track)%00%(upstream:remotename)%00%(upstream:remoteref) refs/heads/main refs/remotes/main [53ms]
2023-03-07 16:09:43.589 [info] > git status -z -uall [1ms]
2023-03-07 16:09:43.755 [info] > git show --textconv :.git/COMMIT_EDITMSG [12ms]
2023-03-07 16:09:43.755 [info] > git ls-files --stage -- /home/jaden/.git/COMMIT_EDITMSG [9ms]
2023-03-07 16:09:43.889 [info] > git check-ignore -v -z --stdin [4ms]
2023-03-07 16:09:43.890 [info] > git check-ignore -v -z --stdin [1ms]
2023-03-07 16:09:44.598 [info] > git status -z -uall [1233ms] (cancelled)
2023-03-07 16:09:45.067 [info] > git check-ignore -v -z --stdin [0ms]
2023-03-07 16:10:12.001 [info] > git config --get commit.template [1ms]
2023-03-07 16:10:12.006 [info] > git for-each-ref --format=%(refname)%00%(upstream:short)%00%(objectname)%00%(upstream:track)%00%(upstream:remotename)%00%(upstream:remoteref) refs/heads/main refs/remotes/main [1ms]
2023-03-07 16:10:12.648 [info] > git status -z -uall [636ms] (cancelled)
2023-03-07 16:10:20.429 [info] > git check-ignore -v -z --stdin [0ms]
2023-03-07 16:10:40.002 [info] > git config --get commit.template [1ms]
2023-03-07 16:10:40.007 [info] > git for-each-ref --format=%(refname)%00%(upstream:short)%00%(objectname)%00%(upstream:track)%00%(upstream:remotename)%00%(upstream:remoteref) refs/heads/main refs/remotes/main [0ms]
2023-03-07 16:10:40.012 [info] > git status -z -uall [2ms]
2023-03-07 16:24:27.560 [info] > git config --get commit.template [1ms]
2023-03-07 16:24:27.571 [info] > git for-each-ref --format=%(refname)%00%(upstream:short)%00%(objectname)%00%(upstream:track)%00%(upstream:remotename)%00%(upstream:remoteref) refs/heads/main refs/remotes/main [1ms]
2023-03-07 16:24:27.582 [info] > git status -z -uall [3ms]
2023-03-07 16:24:33.103 [info] > git ls-files --stage -- /home/jaden/projects/critterbug-art/package-lock.json [2ms]
2023-03-07 16:24:33.123 [info] > git cat-file -s 12b0cff00a3cdeb830637b4a203c222bb86ecf3c [2ms]
2023-03-07 16:24:33.127 [info] > git show --textconv :package-lock.json [37ms]
2023-03-07 16:24:36.741 [info] > git check-ignore -v -z --stdin [0ms]
2023-03-07 16:25:02.637 [info] > git show --textconv :src/components [5ms]
2023-03-07 16:25:02.638 [info] > git ls-files --stage -- /home/jaden/projects/critterbug-art/src/components [1ms]
2023-03-07 16:25:02.859 [info] > git check-ignore -v -z --stdin [0ms]
2023-03-07 16:25:03.448 [info] > git config --get commit.template [5ms]
2023-03-07 16:25:03.448 [info] > git for-each-ref --format=%(refname)%00%(upstream:short)%00%(objectname)%00%(upstream:track)%00%(upstream:remotename)%00%(upstream:remoteref) refs/heads/main refs/remotes/main [1ms]
2023-03-07 16:25:03.456 [info] > git status -z -uall [3ms]
2023-03-07 16:25:08.470 [info] > git config --get commit.template [3ms]
2023-03-07 16:25:08.470 [info] > git for-each-ref --format=%(refname)%00%(upstream:short)%00%(objectname)%00%(upstream:track)%00%(upstream:remotename)%00%(upstream:remoteref) refs/heads/main refs/remotes/main [1ms]
2023-03-07 16:25:08.475 [info] > git status -z -uall [2ms]
2023-03-07 16:25:13.488 [info] > git config --get commit.template [3ms]
2023-03-07 16:25:13.489 [info] > git for-each-ref --format=%(refname)%00%(upstream:short)%00%(objectname)%00%(upstream:track)%00%(upstream:remotename)%00%(upstream:remoteref) refs/heads/main refs/remotes/main [1ms]
2023-03-07 16:25:13.494 [info] > git status -z -uall [3ms]
2023-03-07 16:25:18.775 [info] > git check-ignore -v -z --stdin [1ms]
2023-03-07 16:25:19.384 [info] > git config --get commit.template [2ms]
2023-03-07 16:25:19.389 [info] > git for-each-ref --format=%(refname)%00%(upstream:short)%00%(objectname)%00%(upstream:track)%00%(upstream:remotename)%00%(upstream:remoteref) refs/heads/main refs/remotes/main [0ms]
2023-03-07 16:25:19.394 [info] > git status -z -uall [2ms]
2023-03-07 16:25:30.393 [info] > git config --get commit.template [0ms]
2023-03-07 16:25:30.397 [info] > git for-each-ref --format=%(refname)%00%(upstream:short)%00%(objectname)%00%(upstream:track)%00%(upstream:remotename)%00%(upstream:remoteref) refs/heads/main refs/remotes/main [0ms]
2023-03-07 16:25:30.402 [info] > git status -z -uall [2ms]
2023-03-07 16:25:41.359 [info] > git check-ignore -v -z --stdin [1ms]
2023-03-07 16:25:41.972 [info] > git config --get commit.template [1ms]
2023-03-07 16:25:41.978 [info] > git for-each-ref --format=%(refname)%00%(upstream:short)%00%(objectname)%00%(upstream:track)%00%(upstream:remotename)%00%(upstream:remoteref) refs/heads/main refs/remotes/main [0ms]
2023-03-07 16:25:41.983 [info] > git status -z -uall [2ms]
2023-03-07 16:25:44.246 [info] > git check-ignore -v -z --stdin [0ms]
2023-03-07 16:25:46.992 [info] > git config --get commit.template [0ms]
2023-03-07 16:25:46.996 [info] > git for-each-ref --format=%(refname)%00%(upstream:short)%00%(objectname)%00%(upstream:track)%00%(upstream:remotename)%00%(upstream:remoteref) refs/heads/main refs/remotes/main [0ms]
2023-03-07 16:25:47.001 [info] > git status -z -uall [3ms]
2023-03-07 16:25:58.699 [info] > git show --textconv :src/components/Home/About/index.js [6ms]
2023-03-07 16:25:58.700 [info] > git ls-files --stage -- /home/jaden/projects/critterbug-art/src/components/Home/About/index.js [3ms]
2023-03-07 16:25:58.929 [info] > git check-ignore -v -z --stdin [0ms]
2023-03-07 16:25:59.534 [info] > git config --get commit.template [0ms]
2023-03-07 16:25:59.538 [info] > git for-each-ref --format=%(refname)%00%(upstream:short)%00%(objectname)%00%(upstream:track)%00%(upstream:remotename)%00%(upstream:remoteref) refs/heads/main refs/remotes/main [0ms]
2023-03-07 16:25:59.545 [info] > git status -z -uall [2ms]
2023-03-07 16:26:05.778 [info] > git config --get commit.template [4ms]
2023-03-07 16:26:05.779 [info] > git for-each-ref --format=%(refname)%00%(upstream:short)%00%(objectname)%00%(upstream:track)%00%(upstream:remotename)%00%(upstream:remoteref) refs/heads/main refs/remotes/main [0ms]
2023-03-07 16:26:05.785 [info] > git status -z -uall [2ms]
2023-03-07 16:26:11.146 [info] > git config --get commit.template [4ms]
2023-03-07 16:26:11.146 [info] > git for-each-ref --format=%(refname)%00%(upstream:short)%00%(objectname)%00%(upstream:track)%00%(upstream:remotename)%00%(upstream:remoteref) refs/heads/main refs/remotes/main [1ms]
2023-03-07 16:26:11.152 [info] > git status -z -uall [2ms]
2023-03-07 16:26:13.742 [info] > git show --textconv :src/components/Home/index.js [4ms]
2023-03-07 16:26:13.742 [info] > git ls-files --stage -- /home/jaden/projects/critterbug-art/src/components/Home/index.js [1ms]
2023-03-07 16:26:13.999 [info] > git check-ignore -v -z --stdin [0ms]
2023-03-07 16:26:16.165 [info] > git config --get commit.template [3ms]
2023-03-07 16:26:16.166 [info] > git for-each-ref --format=%(refname)%00%(upstream:short)%00%(objectname)%00%(upstream:track)%00%(upstream:remotename)%00%(upstream:remoteref) refs/heads/main refs/remotes/main [1ms]
2023-03-07 16:26:16.171 [info] > git status -z -uall [2ms]
2023-03-07 16:26:32.115 [info] > git show --textconv :src/components/Home/index.scss [4ms]
2023-03-07 16:26:32.115 [info] > git ls-files --stage -- /home/jaden/projects/critterbug-art/src/components/Home/index.scss [1ms]
2023-03-07 16:26:32.329 [info] > git check-ignore -v -z --stdin [1ms]
2023-03-07 16:26:32.923 [info] > git config --get commit.template [4ms]
2023-03-07 16:26:32.923 [info] > git for-each-ref --format=%(refname)%00%(upstream:short)%00%(objectname)%00%(upstream:track)%00%(upstream:remotename)%00%(upstream:remoteref) refs/heads/main refs/remotes/main [1ms]
2023-03-07 16:26:32.930 [info] > git status -z -uall [2ms]
2023-03-07 16:26:39.412 [info] > git config --get commit.template [1ms]
2023-03-07 16:26:39.416 [info] > git for-each-ref --format=%(refname)%00%(upstream:short)%00%(objectname)%00%(upstream:track)%00%(upstream:remotename)%00%(upstream:remoteref) refs/heads/main refs/remotes/main [1ms]
2023-03-07 16:26:39.422 [info] > git status -z -uall [3ms]
2023-03-07 16:26:41.861 [info] > git show --textconv :src/components/About/index.js [5ms]
2023-03-07 16:26:41.862 [info] > git ls-files --stage -- /home/jaden/projects/critterbug-art/src/components/About/index.js [2ms]
2023-03-07 16:26:42.129 [info] > git check-ignore -v -z --stdin [0ms]
2023-03-07 16:26:44.433 [info] > git config --get commit.template [5ms]
2023-03-07 16:26:44.433 [info] > git for-each-ref --format=%(refname)%00%(upstream:short)%00%(objectname)%00%(upstream:track)%00%(upstream:remotename)%00%(upstream:remoteref) refs/heads/main refs/remotes/main [1ms]
2023-03-07 16:26:44.440 [info] > git status -z -uall [3ms]
2023-03-07 16:26:46.775 [info] > git show --textconv :src/components/About/index.scss [5ms]
2023-03-07 16:26:46.775 [info] > git ls-files --stage -- /home/jaden/projects/critterbug-art/src/components/About/index.scss [2ms]
2023-03-07 16:26:47.042 [info] > git check-ignore -v -z --stdin [1ms]
2023-03-07 16:26:49.448 [info] > git config --get commit.template [1ms]
2023-03-07 16:26:49.452 [info] > git for-each-ref --format=%(refname)%00%(upstream:short)%00%(objectname)%00%(upstream:track)%00%(upstream:remotename)%00%(upstream:remoteref) refs/heads/main refs/remotes/main [0ms]
2023-03-07 16:26:49.458 [info] > git status -z -uall [3ms]
2023-03-07 16:27:29.214 [info] > git check-ignore -v -z --stdin [1ms]
2023-03-07 16:27:29.826 [info] > git config --get commit.template [4ms]
2023-03-07 16:27:29.826 [info] > git for-each-ref --format=%(refname)%00%(upstream:short)%00%(objectname)%00%(upstream:track)%00%(upstream:remotename)%00%(upstream:remoteref) refs/heads/main refs/remotes/main [1ms]
2023-03-07 16:27:29.832 [info] > git status -z -uall [3ms]
2023-03-07 16:27:33.652 [info] > git show --textconv :src/components/Contact/index.scss [4ms]
2023-03-07 16:27:33.653 [info] > git ls-files --stage -- /home/jaden/projects/critterbug-art/src/components/Contact/index.scss [1ms]
2023-03-07 16:27:33.925 [info] > git check-ignore -v -z --stdin [0ms]
2023-03-07 16:27:34.842 [info] > git config --get commit.template [0ms]
2023-03-07 16:27:34.848 [info] > git for-each-ref --format=%(refname)%00%(upstream:short)%00%(objectname)%00%(upstream:track)%00%(upstream:remotename)%00%(upstream:remoteref) refs/heads/main refs/remotes/main [1ms]
2023-03-07 16:27:34.854 [info] > git status -z -uall [2ms]
2023-03-07 16:27:39.145 [info] > git show --textconv :src/components/Contact/index.js [5ms]
2023-03-07 16:27:39.146 [info] > git ls-files --stage -- /home/jaden/projects/critterbug-art/src/components/Contact/index.js [2ms]
2023-03-07 16:27:39.411 [info] > git check-ignore -v -z --stdin [0ms]
2023-03-07 16:27:40.024 [info] > git config --get commit.template [0ms]
2023-03-07 16:27:40.028 [info] > git for-each-ref --format=%(refname)%00%(upstream:short)%00%(objectname)%00%(upstream:track)%00%(upstream:remotename)%00%(upstream:remoteref) refs/heads/main refs/remotes/main [1ms]
2023-03-07 16:27:40.034 [info] > git status -z -uall [3ms]
2023-03-07 16:27:45.792 [info] > git show --textconv :README.md [32ms]
2023-03-07 16:27:45.792 [info] > git ls-files --stage -- /home/jaden/projects/critterbug-art/README.md [27ms]
2023-03-07 16:27:45.799 [info] > git cat-file -s 58beeaccd87e230076cab531b8f418f40b6d1aeb [2ms]
2023-03-07 16:32:48.633 [info] > git config --get commit.template [5ms]
2023-03-07 16:32:48.633 [info] > git for-each-ref --format=%(refname)%00%(upstream:short)%00%(objectname)%00%(upstream:track)%00%(upstream:remotename)%00%(upstream:remoteref) refs/heads/main refs/remotes/main [0ms]
2023-03-07 16:32:48.640 [info] > git status -z -uall [3ms]
2023-03-07 16:34:42.731 [info] > git config --get commit.template [5ms]
2023-03-07 16:34:42.732 [info] > git for-each-ref --format=%(refname)%00%(upstream:short)%00%(objectname)%00%(upstream:track)%00%(upstream:remotename)%00%(upstream:remoteref) refs/heads/main refs/remotes/main [2ms]
2023-03-07 16:34:42.738 [info] > git status -z -uall [3ms]
2023-03-07 16:34:47.073 [info] > git ls-files --stage -- /home/jaden/projects/critterbug-art/src/components/Contact/index.js [3ms]
2023-03-07 16:34:47.074 [info] > git ls-files --stage -- /home/jaden/projects/critterbug-art/src/components/Contact/index.scss [52ms]
2023-03-07 16:34:47.076 [info] > git ls-files --stage -- /home/jaden/projects/critterbug-art/src/components/About/index.scss [58ms]
2023-03-07 16:34:47.076 [info] > git ls-files --stage -- /home/jaden/projects/critterbug-art/src/components/About/index.js [62ms]
2023-03-07 16:34:47.076 [info] > git ls-files --stage -- /home/jaden/projects/critterbug-art/src/components/Home/index.scss [66ms]
2023-03-07 16:34:47.076 [info] > git ls-files --stage -- /home/jaden/projects/critterbug-art/src/components/Home/index.js [69ms]
2023-03-07 16:34:47.077 [info] > git ls-files --stage -- /home/jaden/projects/critterbug-art/README.md [4ms]
2023-03-07 16:34:47.102 [info] > git show --textconv :src/components/Contact/index.js [17ms]
2023-03-07 16:34:47.102 [info] > git show --textconv :src/components/Contact/index.scss [14ms]
2023-03-07 16:34:47.102 [info] > git show --textconv :src/components/About/index.scss [10ms]
2023-03-07 16:34:47.102 [info] > git show --textconv :src/components/About/index.js [7ms]
2023-03-07 16:34:47.103 [info] > git show --textconv :src/components/Home/index.scss [4ms]
2023-03-07 16:34:47.103 [info] > git show --textconv :src/components/Home/index.js [1ms]
2023-03-07 16:34:47.104 [info] > git cat-file -s 58beeaccd87e230076cab531b8f418f40b6d1aeb [23ms]
2023-03-07 16:34:47.114 [info] > git show --textconv :README.md [1ms]
2023-03-07 16:35:54.196 [info] > git ls-files --stage -- /home/jaden/projects/critterbug-art/src/components/Contact/index.js [4ms]
2023-03-07 16:35:54.196 [info] > git ls-files --stage -- /home/jaden/projects/critterbug-art/src/components/Contact/index.scss [7ms]
2023-03-07 16:35:54.196 [info] > git ls-files --stage -- /home/jaden/projects/critterbug-art/src/components/About/index.scss [10ms]
2023-03-07 16:35:54.197 [info] > git ls-files --stage -- /home/jaden/projects/critterbug-art/src/components/About/index.js [14ms]
2023-03-07 16:35:54.197 [info] > git ls-files --stage -- /home/jaden/projects/critterbug-art/src/components/Home/index.scss [18ms]
2023-03-07 16:35:54.197 [info] > git ls-files --stage -- /home/jaden/projects/critterbug-art/src/components/Home/index.js [22ms]
2023-03-07 16:35:54.197 [info] > git ls-files --stage -- /home/jaden/projects/critterbug-art/README.md [2ms]
2023-03-07 16:35:54.201 [info] > git cat-file -s 58beeaccd87e230076cab531b8f418f40b6d1aeb [0ms]
2023-03-07 16:35:54.228 [info] > git show --textconv :src/components/Contact/index.js [22ms]
2023-03-07 16:35:54.228 [info] > git show --textconv :src/components/Contact/index.scss [18ms]
2023-03-07 16:35:54.228 [info] > git show --textconv :src/components/About/index.scss [15ms]
2023-03-07 16:35:54.228 [info] > git show --textconv :src/components/About/index.js [12ms]
2023-03-07 16:35:54.228 [info] > git show --textconv :src/components/Home/index.scss [8ms]
2023-03-07 16:35:54.228 [info] > git show --textconv :src/components/Home/index.js [5ms]
2023-03-07 16:35:54.228 [info] > git show --textconv :README.md [1ms]
