2023-03-07 17:03:26.589 [info] Log level: Info
2023-03-07 17:03:26.589 [info] Validating found git in: "git"
2023-03-07 17:03:26.589 [info] Using git "2.34.1" from "git"
2023-03-07 17:03:26.589 [info] > git rev-parse --show-toplevel [445ms]
2023-03-07 17:03:26.589 [info] > git rev-parse --git-dir --git-common-dir [26ms]
2023-03-07 17:03:26.589 [info] Open repository: /home/jaden
2023-03-07 17:03:26.605 [info] > git rev-parse --show-toplevel [18ms]
2023-03-07 17:03:26.618 [info] > git config --get commit.template [24ms]
2023-03-07 17:03:26.623 [info] > git rev-parse --git-dir --git-common-dir [13ms]
2023-03-07 17:03:26.625 [info] Open repository: /home/jaden/projects/critterbug-art
2023-03-07 17:03:26.643 [info] > git config --get commit.template [6ms]
2023-03-07 17:03:26.649 [info] > git for-each-ref --format=%(refname)%00%(upstream:short)%00%(objectname)%00%(upstream:track)%00%(upstream:remotename)%00%(upstream:remoteref) refs/heads/main refs/remotes/main [16ms]
2023-03-07 17:03:26.768 [info] > git for-each-ref --format=%(refname)%00%(upstream:short)%00%(objectname)%00%(upstream:track)%00%(upstream:remotename)%00%(upstream:remoteref) refs/heads/main refs/remotes/main [109ms]
2023-03-07 17:03:26.919 [info] > git status -z -uall [145ms]
2023-03-07 17:03:26.962 [info] > git config --get commit.template [29ms]
2023-03-07 17:03:27.039 [info] > git for-each-ref --format=%(refname)%00%(upstream:short)%00%(objectname)%00%(upstream:track)%00%(upstream:remotename)%00%(upstream:remoteref) refs/heads/main refs/remotes/main [18ms]
2023-03-07 17:03:27.058 [info] > git status -z -uall [10ms]
2023-03-07 17:03:27.213 [info] > git check-ignore -v -z --stdin [11ms]
2023-03-07 17:03:27.214 [info] > git check-ignore -v -z --stdin [5ms]
2023-03-07 17:03:27.452 [info] > git show --textconv :README.md [4ms]
2023-03-07 17:03:27.454 [info] > git ls-files --stage -- /home/jaden/projects/critterbug-art/README.md [2ms]
2023-03-07 17:03:27.458 [info] > git cat-file -s 330834d43b7919f389326384e05d7d7324ef007a [0ms]
2023-03-07 17:03:28.245 [info] > git status -z -uall [1590ms] (cancelled)
2023-03-07 17:07:38.893 [info] > git check-ignore -v -z --stdin [0ms]
2023-03-07 17:07:39.989 [info] > git check-ignore -v -z --stdin [0ms]
2023-03-07 17:11:16.871 [info] > git show --textconv :package.json [6ms]
2023-03-07 17:11:16.873 [info] > git ls-files --stage -- /home/jaden/projects/critterbug-art/package.json [3ms]
2023-03-07 17:11:16.884 [info] > git cat-file -s 0917a79e790d577a4fa7c991b7755d173a417a5e [5ms]
2023-03-07 17:11:50.847 [info] > git config --get commit.template [0ms]
2023-03-07 17:11:50.851 [info] > git for-each-ref --format=%(refname)%00%(upstream:short)%00%(objectname)%00%(upstream:track)%00%(upstream:remotename)%00%(upstream:remoteref) refs/heads/main refs/remotes/main [1ms]
2023-03-07 17:11:50.855 [info] > git status -z -uall [0ms]
2023-03-07 17:11:58.370 [info] > git check-ignore -v -z --stdin [1ms]
2023-03-07 17:11:58.911 [info] > git config --get commit.template [1ms]
2023-03-07 17:11:58.917 [info] > git for-each-ref --format=%(refname)%00%(upstream:short)%00%(objectname)%00%(upstream:track)%00%(upstream:remotename)%00%(upstream:remoteref) refs/heads/main refs/remotes/main [2ms]
2023-03-07 17:11:58.921 [info] > git status -z -uall [0ms]
2023-03-07 17:13:27.582 [info] > git check-ignore -v -z --stdin [1ms]
2023-03-07 17:13:28.164 [info] > git config --get commit.template [1ms]
2023-03-07 17:13:28.168 [info] > git for-each-ref --format=%(refname)%00%(upstream:short)%00%(objectname)%00%(upstream:track)%00%(upstream:remotename)%00%(upstream:remoteref) refs/heads/main refs/remotes/main [1ms]
2023-03-07 17:13:28.172 [info] > git status -z -uall [0ms]
2023-03-07 17:13:34.652 [info] > git config --get commit.template [1ms]
2023-03-07 17:13:34.657 [info] > git for-each-ref --format=%(refname)%00%(upstream:short)%00%(objectname)%00%(upstream:track)%00%(upstream:remotename)%00%(upstream:remoteref) refs/heads/main refs/remotes/main [1ms]
2023-03-07 17:13:34.661 [info] > git status -z -uall [1ms]
2023-03-07 17:14:30.968 [info] > git config --get commit.template [1ms]
2023-03-07 17:14:30.973 [info] > git for-each-ref --format=%(refname)%00%(upstream:short)%00%(objectname)%00%(upstream:track)%00%(upstream:remotename)%00%(upstream:remoteref) refs/heads/main refs/remotes/main [1ms]
2023-03-07 17:14:30.977 [info] > git status -z -uall [1ms]
2023-03-07 17:14:43.705 [info] > git config --get commit.template [1ms]
2023-03-07 17:14:43.709 [info] > git for-each-ref --format=%(refname)%00%(upstream:short)%00%(objectname)%00%(upstream:track)%00%(upstream:remotename)%00%(upstream:remoteref) refs/heads/main refs/remotes/main [1ms]
2023-03-07 17:14:43.713 [info] > git status -z -uall [1ms]
2023-03-07 17:14:50.025 [info] > git config --get commit.template [0ms]
2023-03-07 17:14:50.030 [info] > git for-each-ref --format=%(refname)%00%(upstream:short)%00%(objectname)%00%(upstream:track)%00%(upstream:remotename)%00%(upstream:remoteref) refs/heads/main refs/remotes/main [1ms]
2023-03-07 17:14:50.034 [info] > git status -z -uall [1ms]
2023-03-07 17:15:54.408 [info] > git check-ignore -v -z --stdin [1ms]
2023-03-07 17:15:54.941 [info] > git config --get commit.template [1ms]
2023-03-07 17:15:54.946 [info] > git for-each-ref --format=%(refname)%00%(upstream:short)%00%(objectname)%00%(upstream:track)%00%(upstream:remotename)%00%(upstream:remoteref) refs/heads/main refs/remotes/main [1ms]
2023-03-07 17:15:54.949 [info] > git status -z -uall [1ms]
2023-03-07 17:16:01.732 [info] > git config --get commit.template [0ms]
2023-03-07 17:16:01.738 [info] > git for-each-ref --format=%(refname)%00%(upstream:short)%00%(objectname)%00%(upstream:track)%00%(upstream:remotename)%00%(upstream:remoteref) refs/heads/main refs/remotes/main [1ms]
2023-03-07 17:16:01.742 [info] > git status -z -uall [1ms]
2023-03-07 17:16:08.974 [info] > git show --textconv :src/components/Home/index.js [5ms]
2023-03-07 17:16:08.975 [info] > git ls-files --stage -- /home/jaden/projects/critterbug-art/src/components/Home/index.js [1ms]
2023-03-07 17:16:08.980 [info] > git cat-file -s e69de29bb2d1d6434b8b29ae775ad8c2e48c5391 [1ms]
2023-03-07 17:16:31.269 [info] > git config --get commit.template [1ms]
2023-03-07 17:16:31.274 [info] > git for-each-ref --format=%(refname)%00%(upstream:short)%00%(objectname)%00%(upstream:track)%00%(upstream:remotename)%00%(upstream:remoteref) refs/heads/main refs/remotes/main [1ms]
2023-03-07 17:16:31.278 [info] > git status -z -uall [1ms]
2023-03-07 17:16:40.677 [info] > git config --get commit.template [1ms]
2023-03-07 17:16:40.682 [info] > git for-each-ref --format=%(refname)%00%(upstream:short)%00%(objectname)%00%(upstream:track)%00%(upstream:remotename)%00%(upstream:remoteref) refs/heads/main refs/remotes/main [1ms]
2023-03-07 17:16:40.686 [info] > git status -z -uall [1ms]
2023-03-07 17:24:23.919 [info] > git config --get commit.template [1ms]
2023-03-07 17:24:23.924 [info] > git for-each-ref --format=%(refname)%00%(upstream:short)%00%(objectname)%00%(upstream:track)%00%(upstream:remotename)%00%(upstream:remoteref) refs/heads/main refs/remotes/main [1ms]
2023-03-07 17:24:23.930 [info] > git status -z -uall [1ms]
2023-03-07 17:24:48.179 [info] > git config --get commit.template [1ms]
2023-03-07 17:24:48.182 [info] > git for-each-ref --format=%(refname)%00%(upstream:short)%00%(objectname)%00%(upstream:track)%00%(upstream:remotename)%00%(upstream:remoteref) refs/heads/main refs/remotes/main [1ms]
2023-03-07 17:24:48.188 [info] > git status -z -uall [1ms]
2023-03-07 17:25:20.813 [info] > git check-ignore -v -z --stdin [1ms]
2023-03-07 17:25:23.467 [info] > git check-ignore -v -z --stdin [1ms]
2023-03-07 17:25:27.560 [info] > git check-ignore -v -z --stdin [0ms]
2023-03-07 17:25:30.939 [info] > git check-ignore -v -z --stdin [1ms]
2023-03-07 17:25:32.613 [info] > git check-ignore -v -z --stdin [1ms]
2023-03-07 17:25:36.429 [info] > git check-ignore -v -z --stdin [1ms]
2023-03-07 17:25:44.810 [info] > git check-ignore -v -z --stdin [1ms]
2023-03-07 17:25:51.423 [info] > git check-ignore -v -z --stdin [0ms]
2023-03-07 17:26:17.859 [info] > git config --get commit.template [1ms]
2023-03-07 17:26:17.863 [info] > git for-each-ref --format=%(refname)%00%(upstream:short)%00%(objectname)%00%(upstream:track)%00%(upstream:remotename)%00%(upstream:remoteref) refs/heads/main refs/remotes/main [1ms]
2023-03-07 17:26:17.867 [info] > git status -z -uall [0ms]
2023-03-07 17:26:57.242 [info] > git config --get commit.template [3ms]
2023-03-07 17:26:57.242 [info] > git for-each-ref --format=%(refname)%00%(upstream:short)%00%(objectname)%00%(upstream:track)%00%(upstream:remotename)%00%(upstream:remoteref) refs/heads/main refs/remotes/main [1ms]
2023-03-07 17:26:57.248 [info] > git status -z -uall [1ms]
2023-03-07 17:27:45.692 [info] > git config --get commit.template [0ms]
2023-03-07 17:27:45.697 [info] > git for-each-ref --format=%(refname)%00%(upstream:short)%00%(objectname)%00%(upstream:track)%00%(upstream:remotename)%00%(upstream:remoteref) refs/heads/main refs/remotes/main [1ms]
2023-03-07 17:27:45.703 [info] > git status -z -uall [2ms]
