2023-03-08 19:59:41.681 [info] Log level: Info
2023-03-08 19:59:41.681 [info] Validating found git in: "git"
2023-03-08 19:59:41.681 [info] Using git "2.34.1" from "git"
2023-03-08 19:59:41.681 [info] > git rev-parse --show-toplevel [4ms]
2023-03-08 19:59:41.681 [info] > git rev-parse --git-dir --git-common-dir [1ms]
2023-03-08 19:59:41.681 [info] Open repository: /home/jaden
2023-03-08 19:59:41.681 [info] > git rev-parse --show-toplevel [327ms]
2023-03-08 19:59:41.682 [info] > git rev-parse --show-toplevel [5ms]
2023-03-08 19:59:41.686 [info] > git config --get commit.template [18ms]
2023-03-08 19:59:41.722 [info] > git rev-parse --show-toplevel [37ms]
2023-03-08 19:59:41.732 [info] > git rev-parse --show-toplevel [7ms]
2023-03-08 19:59:41.736 [info] > git show -s --format=%H%n%aN%n%aE%n%at%n%ct%n%P%n%D%n%B -z 5ba4c1f10d0f3bc7aeb2dcc067c62ae4ae1e4b84 [4ms]
2023-03-08 19:59:41.737 [info] > git for-each-ref --format=%(refname)%00%(upstream:short)%00%(objectname)%00%(upstream:track)%00%(upstream:remotename)%00%(upstream:remoteref) refs/heads/branch1 refs/remotes/branch1 [9ms]
2023-03-08 19:59:41.741 [info] > git rev-parse --show-toplevel [5ms]
2023-03-08 19:59:41.745 [info] > git rev-parse --show-toplevel [1ms]
2023-03-08 19:59:41.756 [info] > git rev-parse --show-toplevel [4ms]
2023-03-08 19:59:41.761 [info] > git rev-parse --git-dir --git-common-dir [1ms]
2023-03-08 19:59:41.763 [info] Open repository: /home/jaden/.nvm
2023-03-08 19:59:41.771 [info] > git rev-parse --show-toplevel [4ms]
2023-03-08 19:59:41.801 [info] > git config --get commit.template [31ms]
2023-03-08 19:59:41.802 [info] > git rev-parse --git-dir --git-common-dir [28ms]
2023-03-08 19:59:41.805 [info] Open repository: /home/jaden/.rbenv
2023-03-08 19:59:41.831 [info] > git rev-parse --show-toplevel [22ms]
2023-03-08 19:59:41.837 [info] > git config --get commit.template [6ms]
2023-03-08 19:59:41.837 [info] > git for-each-ref --format %(refname) %(objectname) %(*objectname) refs/tags [10ms]
2023-03-08 19:59:41.842 [info] > git rev-parse --show-toplevel [8ms]
2023-03-08 19:59:41.851 [info] > git rev-parse --show-toplevel [6ms]
2023-03-08 19:59:41.855 [info] > git status -z -uall [14ms]
2023-03-08 19:59:41.859 [info] > git for-each-ref --format=%(refname)%00%(upstream:short)%00%(objectname)%00%(upstream:track)%00%(upstream:remotename)%00%(upstream:remoteref) refs/heads/master refs/remotes/master [9ms]
2023-03-08 19:59:41.874 [info] > git rev-parse --git-dir --git-common-dir [21ms]
2023-03-08 19:59:41.876 [info] Open repository: /home/jaden/ClothingApp
2023-03-08 19:59:41.883 [info] > git status -z -uall [22ms]
2023-03-08 19:59:41.883 [info] > git rev-parse --show-toplevel [4ms]
2023-03-08 19:59:41.886 [info] > git config --get commit.template [13ms]
2023-03-08 19:59:41.895 [info] > git rev-parse --git-dir --git-common-dir [9ms]
2023-03-08 19:59:41.897 [info] Open repository: /home/jaden/Portfolio1
2023-03-08 19:59:41.900 [info] > git config --get commit.template [17ms]
2023-03-08 19:59:41.907 [info] > git rev-parse --show-toplevel [7ms]
2023-03-08 19:59:41.910 [info] > git config --get commit.template [15ms]
2023-03-08 19:59:41.965 [info] > git rev-parse --show-toplevel [55ms]
2023-03-08 19:59:41.968 [info] > git config --get commit.template [61ms]
2023-03-08 19:59:41.968 [info] > git for-each-ref --format %(refname) %(objectname) %(*objectname) refs/tags [64ms]
2023-03-08 19:59:41.974 [info] > git status -z -uall [3ms]
2023-03-08 19:59:41.974 [info] > git rev-parse --show-toplevel [6ms]
2023-03-08 19:59:41.977 [info] > git for-each-ref --format=%(refname)%00%(upstream:short)%00%(objectname)%00%(upstream:track)%00%(upstream:remotename)%00%(upstream:remoteref) refs/heads/main refs/remotes/main [13ms]
2023-03-08 19:59:41.989 [info] > git status -z -uall [249ms] (cancelled)
2023-03-08 19:59:41.989 [info] > git status -z -uall [9ms]
2023-03-08 19:59:41.989 [info] > git rev-parse --git-dir --git-common-dir [12ms]
2023-03-08 19:59:41.991 [info] Open repository: /home/jaden/my-portfolio
2023-03-08 19:59:41.994 [info] > git for-each-ref --format=%(refname)%00%(upstream:short)%00%(objectname)%00%(upstream:track)%00%(upstream:remotename)%00%(upstream:remoteref) refs/heads/master refs/remotes/master [20ms]
2023-03-08 19:59:42.009 [info] > git status -z -uall [12ms]
2023-03-08 19:59:42.011 [info] > git rev-parse --show-toplevel [17ms]
2023-03-08 19:59:42.014 [info] > git for-each-ref --format=%(refname)%00%(upstream:short)%00%(objectname)%00%(upstream:track)%00%(upstream:remotename)%00%(upstream:remoteref) refs/heads/main refs/remotes/main [27ms]
2023-03-08 19:59:42.023 [info] > git rev-parse --git-dir --git-common-dir [9ms]
2023-03-08 19:59:42.025 [info] Open repository: /home/jaden/myportfolio
2023-03-08 19:59:42.031 [info] > git config --get commit.template [29ms]
2023-03-08 19:59:42.045 [info] > git status -z -uall [28ms]
2023-03-08 19:59:42.045 [info] > git rev-parse --show-toplevel [15ms]
2023-03-08 19:59:42.066 [info] > git rev-parse --git-dir --git-common-dir [17ms]
2023-03-08 19:59:42.068 [info] Open repository: /home/jaden/portfolio
2023-03-08 19:59:42.073 [info] > git config --get commit.template [38ms]
2023-03-08 19:59:42.078 [info] > git rev-parse --show-toplevel [6ms]
2023-03-08 19:59:42.083 [info] > git for-each-ref --format=%(refname)%00%(upstream:short)%00%(objectname)%00%(upstream:track)%00%(upstream:remotename)%00%(upstream:remoteref) refs/heads/main refs/remotes/main [27ms]
2023-03-08 19:59:42.094 [info] > git status -z -uall [8ms]
2023-03-08 19:59:42.095 [info] > git rev-parse --git-dir --git-common-dir [11ms]
2023-03-08 19:59:42.098 [info] Open repository: /home/jaden/portfoliomvp
2023-03-08 19:59:42.103 [info] > git config --get commit.template [26ms]
2023-03-08 19:59:42.110 [info] > git rev-parse --show-toplevel [8ms]
2023-03-08 19:59:42.114 [info] > git for-each-ref --format=%(refname)%00%(upstream:short)%00%(objectname)%00%(upstream:track)%00%(upstream:remotename)%00%(upstream:remoteref) refs/heads/branch1 refs/remotes/branch1 [24ms]
2023-03-08 19:59:42.124 [info] > git status -z -uall [7ms]
2023-03-08 19:59:42.125 [info] > git rev-parse --show-toplevel [12ms]
2023-03-08 19:59:42.128 [info] > git config --get commit.template [22ms]
2023-03-08 19:59:42.137 [info] > git rev-parse --show-toplevel [9ms]
2023-03-08 19:59:42.138 [info] > git for-each-ref --format=%(refname)%00%(upstream:short)%00%(objectname)%00%(upstream:track)%00%(upstream:remotename)%00%(upstream:remoteref) refs/heads/main refs/remotes/main [15ms]
2023-03-08 19:59:42.147 [info] > git for-each-ref --format=%(refname)%00%(upstream:short)%00%(objectname)%00%(upstream:track)%00%(upstream:remotename)%00%(upstream:remoteref) refs/heads/main refs/remotes/main [1ms]
2023-03-08 19:59:42.154 [info] > git status -z -uall [4ms]
2023-03-08 19:59:42.179 [info] > git status -z -uall [38ms]
2023-03-08 19:59:42.654 [info] > git check-ignore -v -z --stdin [23ms]
2023-03-08 19:59:42.655 [info] > git check-ignore -v -z --stdin [20ms]
2023-03-08 19:59:42.655 [info] > git check-ignore -v -z --stdin [18ms]
2023-03-08 19:59:42.655 [info] > git check-ignore -v -z --stdin [15ms]
2023-03-08 19:59:42.655 [info] > git check-ignore -v -z --stdin [12ms]
2023-03-08 19:59:42.655 [info] > git check-ignore -v -z --stdin [9ms]
2023-03-08 19:59:42.655 [info] > git check-ignore -v -z --stdin [6ms]
2023-03-08 19:59:42.655 [info] > git check-ignore -v -z --stdin [3ms]
2023-03-08 19:59:42.656 [info] > git check-ignore -v -z --stdin [28ms]
2023-03-08 19:59:44.924 [info] > git check-ignore -v -z --stdin [7ms]
2023-03-08 19:59:46.396 [info] > git show --textconv :package.json [14ms]
2023-03-08 19:59:46.397 [info] > git ls-files --stage -- /home/jaden/package.json [12ms]
2023-03-08 19:59:46.404 [info] > git cat-file -s 0917a79e790d577a4fa7c991b7755d173a417a5e [3ms]
2023-03-08 19:59:47.902 [info] > git show --textconv :README.md [23ms]
2023-03-08 19:59:47.903 [info] > git ls-files --stage -- /home/jaden/README.md [20ms]
2023-03-08 19:59:47.908 [info] > git cat-file -s 63a4f120eb7b01410cc29316b175794f700868c7 [1ms]
2023-03-08 19:59:51.859 [info] > git config --get commit.template [1ms]
2023-03-08 19:59:51.877 [info] > git for-each-ref --format=%(refname)%00%(upstream:short)%00%(objectname)%00%(upstream:track)%00%(upstream:remotename)%00%(upstream:remoteref) refs/heads/branch1 refs/remotes/branch1 [12ms]
2023-03-08 19:59:51.877 [info] > git show -s --format=%H%n%aN%n%aE%n%at%n%ct%n%P%n%D%n%B -z 5ba4c1f10d0f3bc7aeb2dcc067c62ae4ae1e4b84 [3ms]
2023-03-08 19:59:52.508 [info] > git status -z -uall [625ms] (cancelled)
2023-03-08 20:00:10.426 [info] > git check-ignore -v -z --stdin [0ms]
2023-03-08 20:00:14.240 [info] > git check-ignore -v -z --stdin [1ms]
2023-03-08 20:00:15.268 [info] > git check-ignore -v -z --stdin [1ms]
2023-03-08 20:00:25.164 [info] > git show --textconv :README.md [4ms]
2023-03-08 20:00:25.164 [info] > git ls-files --stage -- /home/jaden/portfoliomvp/README.md [1ms]
2023-03-08 20:00:25.414 [info] > git check-ignore -v -z --stdin [1ms]
2023-03-08 20:00:26.096 [info] > git config --get commit.template [1ms]
2023-03-08 20:00:26.100 [info] > git for-each-ref --format=%(refname)%00%(upstream:short)%00%(objectname)%00%(upstream:track)%00%(upstream:remotename)%00%(upstream:remoteref) refs/heads/main refs/remotes/main [0ms]
2023-03-08 20:00:26.105 [info] > git status -z -uall [1ms]
2023-03-08 20:00:31.113 [info] > git config --get commit.template [1ms]
2023-03-08 20:00:31.119 [info] > git for-each-ref --format=%(refname)%00%(upstream:short)%00%(objectname)%00%(upstream:track)%00%(upstream:remotename)%00%(upstream:remoteref) refs/heads/main refs/remotes/main [2ms]
2023-03-08 20:00:31.124 [info] > git status -z -uall [1ms]
2023-03-08 20:00:51.694 [info] > git ls-files --stage -- /home/jaden/portfoliomvp/README.md [1ms]
2023-03-08 20:00:51.695 [info] > git ls-files --stage -- /home/jaden/README.md [6ms]
2023-03-08 20:00:51.704 [info] > git show --textconv :README.md [1ms]
2023-03-08 20:00:51.704 [info] > git cat-file -s 63a4f120eb7b01410cc29316b175794f700868c7 [6ms]
2023-03-08 20:00:51.715 [info] > git show --textconv :README.md [3ms]
2023-03-08 20:01:00.538 [info] > git ls-files --stage -- /home/jaden/portfoliomvp/README.md [0ms]
2023-03-08 20:01:00.539 [info] > git ls-files --stage -- /home/jaden/README.md [6ms]
2023-03-08 20:01:00.543 [info] > git cat-file -s 63a4f120eb7b01410cc29316b175794f700868c7 [0ms]
2023-03-08 20:01:00.553 [info] > git show --textconv :README.md [4ms]
2023-03-08 20:01:00.557 [info] > git show --textconv :README.md [4ms]
2023-03-08 20:01:04.363 [info] > git ls-files --stage -- /home/jaden/portfoliomvp/README.md [1ms]
2023-03-08 20:01:04.364 [info] > git ls-files --stage -- /home/jaden/README.md [5ms]
2023-03-08 20:01:04.372 [info] > git cat-file -s 63a4f120eb7b01410cc29316b175794f700868c7 [3ms]
2023-03-08 20:01:04.372 [info] > git show --textconv :README.md [1ms]
2023-03-08 20:01:04.430 [info] > git show --textconv :README.md [4ms]
2023-03-08 20:01:06.581 [info] > git config --get commit.template [1ms]
2023-03-08 20:01:06.586 [info] > git for-each-ref --format=%(refname)%00%(upstream:short)%00%(objectname)%00%(upstream:track)%00%(upstream:remotename)%00%(upstream:remoteref) refs/heads/main refs/remotes/main [0ms]
2023-03-08 20:01:06.590 [info] > git status -z -uall [1ms]
2023-03-08 20:01:12.553 [info] > git ls-files --stage -- /home/jaden/portfoliomvp/README.md [0ms]
2023-03-08 20:01:12.554 [info] > git ls-files --stage -- /home/jaden/README.md [5ms]
2023-03-08 20:01:12.558 [info] > git cat-file -s 63a4f120eb7b01410cc29316b175794f700868c7 [1ms]
2023-03-08 20:01:12.569 [info] > git show --textconv :README.md [4ms]
2023-03-08 20:01:12.572 [info] > git show --textconv :README.md [4ms]
2023-03-08 20:01:15.842 [info] > git config --get commit.template [4ms]
2023-03-08 20:01:15.842 [info] > git for-each-ref --format=%(refname)%00%(upstream:short)%00%(objectname)%00%(upstream:track)%00%(upstream:remotename)%00%(upstream:remoteref) refs/heads/main refs/remotes/main [1ms]
2023-03-08 20:01:15.846 [info] > git status -z -uall [0ms]
2023-03-08 20:01:22.180 [info] > git ls-files --stage -- /home/jaden/portfoliomvp/README.md [0ms]
2023-03-08 20:01:22.181 [info] > git ls-files --stage -- /home/jaden/README.md [4ms]
2023-03-08 20:01:22.185 [info] > git cat-file -s 63a4f120eb7b01410cc29316b175794f700868c7 [1ms]
2023-03-08 20:01:22.195 [info] > git show --textconv :README.md [4ms]
2023-03-08 20:01:22.198 [info] > git show --textconv :README.md [4ms]
2023-03-08 20:01:30.963 [info] > git ls-files --stage -- /home/jaden/README.md [5ms]
2023-03-08 20:01:30.967 [info] > git ls-files --stage -- /home/jaden/portfoliomvp/README.md [4ms]
2023-03-08 20:01:30.967 [info] > git cat-file -s 63a4f120eb7b01410cc29316b175794f700868c7 [0ms]
2023-03-08 20:01:30.977 [info] > git show --textconv :README.md [4ms]
2023-03-08 20:01:30.980 [info] > git show --textconv :README.md [4ms]
2023-03-08 20:01:35.469 [info] > git ls-files --stage -- /home/jaden/portfoliomvp/README.md [0ms]
2023-03-08 20:01:35.470 [info] > git ls-files --stage -- /home/jaden/README.md [5ms]
2023-03-08 20:01:35.474 [info] > git cat-file -s 63a4f120eb7b01410cc29316b175794f700868c7 [0ms]
2023-03-08 20:01:35.484 [info] > git show --textconv :README.md [4ms]
2023-03-08 20:01:35.487 [info] > git show --textconv :README.md [3ms]
2023-03-08 20:01:40.704 [info] > git ls-files --stage -- /home/jaden/portfoliomvp/README.md [1ms]
2023-03-08 20:01:40.705 [info] > git ls-files --stage -- /home/jaden/README.md [5ms]
2023-03-08 20:01:40.712 [info] > git cat-file -s 63a4f120eb7b01410cc29316b175794f700868c7 [4ms]
2023-03-08 20:01:40.712 [info] > git show --textconv :README.md [1ms]
2023-03-08 20:01:40.769 [info] > git show --textconv :README.md [4ms]
2023-03-08 20:01:43.129 [info] > git ls-files --stage -- /home/jaden/portfoliomvp/README.md [1ms]
2023-03-08 20:01:43.130 [info] > git ls-files --stage -- /home/jaden/README.md [5ms]
2023-03-08 20:01:43.138 [info] > git show --textconv :README.md [0ms]
2023-03-08 20:01:43.138 [info] > git cat-file -s 63a4f120eb7b01410cc29316b175794f700868c7 [4ms]
2023-03-08 20:01:43.198 [info] > git show --textconv :README.md [4ms]
2023-03-08 20:01:50.420 [info] > git ls-files --stage -- /home/jaden/portfoliomvp/README.md [1ms]
2023-03-08 20:01:50.422 [info] > git ls-files --stage -- /home/jaden/README.md [6ms]
2023-03-08 20:01:50.426 [info] > git cat-file -s 63a4f120eb7b01410cc29316b175794f700868c7 [1ms]
2023-03-08 20:01:50.431 [info] > git show --textconv :README.md [1ms]
2023-03-08 20:01:50.441 [info] > git show --textconv :README.md [4ms]
2023-03-08 20:01:53.482 [info] > git ls-files --stage -- /home/jaden/portfoliomvp/README.md [0ms]
2023-03-08 20:01:53.484 [info] > git ls-files --stage -- /home/jaden/README.md [6ms]
2023-03-08 20:01:53.488 [info] > git cat-file -s 63a4f120eb7b01410cc29316b175794f700868c7 [1ms]
2023-03-08 20:01:53.498 [info] > git show --textconv :README.md [4ms]
2023-03-08 20:01:53.501 [info] > git show --textconv :README.md [5ms]
2023-03-08 20:01:59.856 [info] > git ls-files --stage -- /home/jaden/portfoliomvp/README.md [0ms]
2023-03-08 20:01:59.858 [info] > git ls-files --stage -- /home/jaden/README.md [6ms]
2023-03-08 20:01:59.866 [info] > git show --textconv :README.md [1ms]
2023-03-08 20:01:59.866 [info] > git cat-file -s 63a4f120eb7b01410cc29316b175794f700868c7 [5ms]
2023-03-08 20:01:59.920 [info] > git show --textconv :README.md [4ms]
2023-03-08 20:02:04.303 [info] > git ls-files --stage -- /home/jaden/portfoliomvp/README.md [0ms]
2023-03-08 20:02:04.304 [info] > git ls-files --stage -- /home/jaden/README.md [7ms]
2023-03-08 20:02:04.309 [info] > git cat-file -s 63a4f120eb7b01410cc29316b175794f700868c7 [1ms]
2023-03-08 20:02:04.318 [info] > git show --textconv :README.md [4ms]
2023-03-08 20:02:04.322 [info] > git show --textconv :README.md [4ms]
2023-03-08 20:02:06.124 [info] > git config --get commit.template [2ms]
2023-03-08 20:02:06.127 [info] > git for-each-ref --format=%(refname)%00%(upstream:short)%00%(objectname)%00%(upstream:track)%00%(upstream:remotename)%00%(upstream:remoteref) refs/heads/master refs/remotes/master [0ms]
2023-03-08 20:02:06.131 [info] > git status -z -uall [1ms]
2023-03-08 20:02:09.165 [info] > git ls-files --stage -- /home/jaden/portfoliomvp/README.md [0ms]
2023-03-08 20:02:09.167 [info] > git ls-files --stage -- /home/jaden/README.md [7ms]
2023-03-08 20:02:09.172 [info] > git cat-file -s 63a4f120eb7b01410cc29316b175794f700868c7 [1ms]
2023-03-08 20:02:09.180 [info] > git show --textconv :README.md [5ms]
2023-03-08 20:02:09.184 [info] > git show --textconv :README.md [5ms]
2023-03-08 20:02:13.756 [info] > git ls-files --stage -- /home/jaden/portfoliomvp/README.md [0ms]
2023-03-08 20:02:13.759 [info] > git ls-files --stage -- /home/jaden/README.md [7ms]
2023-03-08 20:02:13.763 [info] > git cat-file -s 63a4f120eb7b01410cc29316b175794f700868c7 [1ms]
2023-03-08 20:02:13.772 [info] > git show --textconv :README.md [5ms]
2023-03-08 20:02:13.776 [info] > git show --textconv :README.md [4ms]
2023-03-08 20:02:17.284 [info] > git ls-files --stage -- /home/jaden/portfoliomvp/README.md [1ms]
2023-03-08 20:02:17.286 [info] > git ls-files --stage -- /home/jaden/README.md [6ms]
2023-03-08 20:02:17.290 [info] > git cat-file -s 63a4f120eb7b01410cc29316b175794f700868c7 [1ms]
2023-03-08 20:02:17.299 [info] > git show --textconv :README.md [5ms]
2023-03-08 20:02:17.303 [info] > git show --textconv :README.md [4ms]
2023-03-08 20:02:21.360 [info] > git ls-files --stage -- /home/jaden/portfoliomvp/README.md [0ms]
2023-03-08 20:02:21.362 [info] > git ls-files --stage -- /home/jaden/README.md [6ms]
2023-03-08 20:02:21.366 [info] > git cat-file -s 63a4f120eb7b01410cc29316b175794f700868c7 [0ms]
2023-03-08 20:02:21.377 [info] > git show --textconv :README.md [4ms]
2023-03-08 20:02:21.381 [info] > git show --textconv :README.md [5ms]
2023-03-08 20:02:24.775 [info] > git ls-files --stage -- /home/jaden/portfoliomvp/README.md [1ms]
2023-03-08 20:02:24.777 [info] > git ls-files --stage -- /home/jaden/README.md [7ms]
2023-03-08 20:02:24.781 [info] > git cat-file -s 63a4f120eb7b01410cc29316b175794f700868c7 [0ms]
2023-03-08 20:02:24.792 [info] > git show --textconv :README.md [4ms]
2023-03-08 20:02:24.796 [info] > git show --textconv :README.md [5ms]
