2023-03-07 16:39:14.882 [info] Log level: Info
2023-03-07 16:39:14.882 [info] Validating found git in: "git"
2023-03-07 16:39:14.882 [info] Using git "2.34.1" from "git"
2023-03-07 16:39:14.882 [info] > git rev-parse --show-toplevel [379ms]
2023-03-07 16:39:14.882 [info] > git rev-parse --git-dir --git-common-dir [23ms]
2023-03-07 16:39:14.882 [info] Open repository: /home/jaden
2023-03-07 16:39:14.900 [info] > git config --get commit.template [12ms]
2023-03-07 16:39:14.901 [info] > git rev-parse --show-toplevel [19ms]
2023-03-07 16:39:14.919 [info] > git rev-parse --git-dir --git-common-dir [11ms]
2023-03-07 16:39:14.922 [info] Open repository: /home/jaden/projects/critterbug-art
2023-03-07 16:39:14.943 [info] > git for-each-ref --format=%(refname)%00%(upstream:short)%00%(objectname)%00%(upstream:track)%00%(upstream:remotename)%00%(upstream:remoteref) refs/heads/main refs/remotes/main [27ms]
2023-03-07 16:39:14.958 [info] > git config --get commit.template [26ms]
2023-03-07 16:39:15.064 [info] > git for-each-ref --format=%(refname)%00%(upstream:short)%00%(objectname)%00%(upstream:track)%00%(upstream:remotename)%00%(upstream:remoteref) refs/heads/main refs/remotes/main [101ms]
2023-03-07 16:39:15.199 [info] > git status -z -uall [130ms]
2023-03-07 16:39:15.227 [info] > git config --get commit.template [19ms]
2023-03-07 16:39:15.275 [info] > git for-each-ref --format=%(refname)%00%(upstream:short)%00%(objectname)%00%(upstream:track)%00%(upstream:remotename)%00%(upstream:remoteref) refs/heads/main refs/remotes/main [8ms]
2023-03-07 16:39:15.282 [info] > git status -z -uall [3ms]
2023-03-07 16:39:15.495 [info] > git show --textconv :README.md [33ms]
2023-03-07 16:39:15.495 [info] > git check-ignore -v -z --stdin [24ms]
2023-03-07 16:39:15.496 [info] > git check-ignore -v -z --stdin [20ms]
2023-03-07 16:39:15.497 [info] > git ls-files --stage -- /home/jaden/projects/critterbug-art/README.md [31ms]
2023-03-07 16:39:15.503 [info] > git cat-file -s 58beeaccd87e230076cab531b8f418f40b6d1aeb [2ms]
2023-03-07 16:39:16.235 [info] > git status -z -uall [1286ms] (cancelled)
2023-03-07 16:42:47.515 [info] > git config --get commit.template [2ms]
2023-03-07 16:42:47.521 [info] > git for-each-ref --format=%(refname)%00%(upstream:short)%00%(objectname)%00%(upstream:track)%00%(upstream:remotename)%00%(upstream:remoteref) refs/heads/main refs/remotes/main [2ms]
2023-03-07 16:42:48.229 [info] > git status -z -uall [703ms] (cancelled)
2023-03-07 16:43:14.378 [info] > git config --get commit.template [1ms]
2023-03-07 16:43:14.381 [info] > git for-each-ref --format=%(refname)%00%(upstream:short)%00%(objectname)%00%(upstream:track)%00%(upstream:remotename)%00%(upstream:remoteref) refs/heads/main refs/remotes/main [1ms]
2023-03-07 16:43:14.387 [info] > git status -z -uall [2ms]
2023-03-07 16:43:14.482 [info] > git ls-files --stage -- /home/jaden/projects/critterbug-art/README.md [1ms]
2023-03-07 16:43:14.485 [info] > git cat-file -s 7ad39b5a11cfcdecda2577a8b9b5a7ff491d04ea [0ms]
2023-03-07 16:43:14.496 [info] > git show --textconv :README.md [1ms]
2023-03-07 16:43:35.763 [info] > git config --get commit.template [1ms]
2023-03-07 16:43:35.767 [info] > git for-each-ref --format=%(refname)%00%(upstream:short)%00%(objectname)%00%(upstream:track)%00%(upstream:remotename)%00%(upstream:remoteref) refs/heads/main refs/remotes/main [1ms]
2023-03-07 16:43:35.772 [info] > git status -z -uall [1ms]
2023-03-07 16:43:35.866 [info] > git ls-files --stage -- /home/jaden/projects/critterbug-art/README.md [0ms]
2023-03-07 16:43:35.870 [info] > git cat-file -s 7ad39b5a11cfcdecda2577a8b9b5a7ff491d04ea [0ms]
2023-03-07 16:43:35.880 [info] > git show --textconv :README.md [1ms]
2023-03-07 16:43:39.481 [info] > git ls-files --stage -- /home/jaden/projects/critterbug-art/README.md [0ms]
2023-03-07 16:43:39.484 [info] > git cat-file -s 7ad39b5a11cfcdecda2577a8b9b5a7ff491d04ea [0ms]
2023-03-07 16:43:39.495 [info] > git show --textconv :README.md [0ms]
2023-03-07 16:43:40.779 [info] > git config --get commit.template [1ms]
2023-03-07 16:43:40.782 [info] > git for-each-ref --format=%(refname)%00%(upstream:short)%00%(objectname)%00%(upstream:track)%00%(upstream:remotename)%00%(upstream:remoteref) refs/heads/main refs/remotes/main [0ms]
2023-03-07 16:43:40.786 [info] > git status -z -uall [1ms]
2023-03-07 16:45:05.145 [info] > git config --get commit.template [1ms]
2023-03-07 16:45:05.149 [info] > git for-each-ref --format=%(refname)%00%(upstream:short)%00%(objectname)%00%(upstream:track)%00%(upstream:remotename)%00%(upstream:remoteref) refs/heads/main refs/remotes/main [1ms]
2023-03-07 16:45:05.152 [info] > git status -z -uall [0ms]
2023-03-07 16:45:07.826 [info] > git ls-files --stage -- /home/jaden/projects/critterbug-art/README.md [1ms]
2023-03-07 16:45:07.829 [info] > git cat-file -s 4d3f1d1583f62ed944d7f6290f1ccf587f509d6d [0ms]
2023-03-07 16:45:07.838 [info] > git show --textconv :README.md [1ms]
2023-03-07 16:45:10.163 [info] > git config --get commit.template [0ms]
2023-03-07 16:45:10.171 [info] > git for-each-ref --format=%(refname)%00%(upstream:short)%00%(objectname)%00%(upstream:track)%00%(upstream:remotename)%00%(upstream:remoteref) refs/heads/main refs/remotes/main [1ms]
2023-03-07 16:45:10.176 [info] > git status -z -uall [1ms]
2023-03-07 16:45:15.739 [info] > git config --get commit.template [1ms]
2023-03-07 16:45:15.744 [info] > git for-each-ref --format=%(refname)%00%(upstream:short)%00%(objectname)%00%(upstream:track)%00%(upstream:remotename)%00%(upstream:remoteref) refs/heads/main refs/remotes/main [1ms]
2023-03-07 16:45:15.747 [info] > git status -z -uall [0ms]
2023-03-07 16:45:15.843 [info] > git ls-files --stage -- /home/jaden/projects/critterbug-art/README.md [1ms]
2023-03-07 16:45:15.847 [info] > git cat-file -s 4d3f1d1583f62ed944d7f6290f1ccf587f509d6d [1ms]
2023-03-07 16:45:15.859 [info] > git show --textconv :README.md [0ms]
2023-03-07 16:45:25.277 [info] > git config --get commit.template [1ms]
2023-03-07 16:45:25.289 [info] > git for-each-ref --format=%(refname)%00%(upstream:short)%00%(objectname)%00%(upstream:track)%00%(upstream:remotename)%00%(upstream:remoteref) refs/heads/main refs/remotes/main [6ms]
2023-03-07 16:45:25.294 [info] > git ls-files --stage -- /home/jaden/projects/critterbug-art/README.md [6ms]
2023-03-07 16:45:25.298 [info] > git status -z -uall [5ms]
2023-03-07 16:45:25.301 [info] > git cat-file -s 4d3f1d1583f62ed944d7f6290f1ccf587f509d6d [3ms]
2023-03-07 16:45:25.362 [info] > git show --textconv :README.md [1ms]
2023-03-07 16:46:50.819 [info] > git config --get commit.template [1ms]
2023-03-07 16:46:50.822 [info] > git for-each-ref --format=%(refname)%00%(upstream:short)%00%(objectname)%00%(upstream:track)%00%(upstream:remotename)%00%(upstream:remoteref) refs/heads/main refs/remotes/main [0ms]
2023-03-07 16:46:50.826 [info] > git status -z -uall [1ms]
2023-03-07 16:46:53.389 [info] > git ls-files --stage -- /home/jaden/projects/critterbug-art/README.md [1ms]
2023-03-07 16:46:53.392 [info] > git cat-file -s 330834d43b7919f389326384e05d7d7324ef007a [0ms]
2023-03-07 16:46:53.401 [info] > git show --textconv :README.md [1ms]
2023-03-07 16:46:55.833 [info] > git config --get commit.template [0ms]
2023-03-07 16:46:55.836 [info] > git for-each-ref --format=%(refname)%00%(upstream:short)%00%(objectname)%00%(upstream:track)%00%(upstream:remotename)%00%(upstream:remoteref) refs/heads/main refs/remotes/main [1ms]
2023-03-07 16:46:55.839 [info] > git status -z -uall [0ms]
2023-03-07 16:47:02.050 [info] > git config --get commit.template [1ms]
2023-03-07 16:47:02.054 [info] > git for-each-ref --format=%(refname)%00%(upstream:short)%00%(objectname)%00%(upstream:track)%00%(upstream:remotename)%00%(upstream:remoteref) refs/heads/main refs/remotes/main [1ms]
2023-03-07 16:47:02.057 [info] > git status -z -uall [0ms]
2023-03-07 16:47:02.154 [info] > git ls-files --stage -- /home/jaden/projects/critterbug-art/README.md [0ms]
2023-03-07 16:47:02.157 [info] > git cat-file -s 330834d43b7919f389326384e05d7d7324ef007a [1ms]
2023-03-07 16:47:02.170 [info] > git show --textconv :README.md [1ms]
2023-03-07 16:47:13.486 [info] > git config --get commit.template [15ms]
2023-03-07 16:47:13.487 [info] > git ls-files --stage -- /home/jaden/projects/critterbug-art/README.md [2ms]
2023-03-07 16:47:13.493 [info] > git for-each-ref --format=%(refname)%00%(upstream:short)%00%(objectname)%00%(upstream:track)%00%(upstream:remotename)%00%(upstream:remoteref) refs/heads/main refs/remotes/main [14ms]
2023-03-07 16:47:13.497 [info] > git cat-file -s 330834d43b7919f389326384e05d7d7324ef007a [5ms]
2023-03-07 16:47:13.498 [info] > git status -z -uall [1ms]
2023-03-07 16:47:13.520 [info] > git show --textconv :README.md [1ms]
2023-03-07 16:47:15.372 [info] > git check-ignore -v -z --stdin [1ms]
2023-03-07 16:47:16.228 [info] > git check-ignore -v -z --stdin [0ms]
2023-03-07 16:47:42.603 [info] > git check-ignore -v -z --stdin [1ms]
2023-03-07 16:47:43.160 [info] > git config --get commit.template [1ms]
2023-03-07 16:47:43.164 [info] > git for-each-ref --format=%(refname)%00%(upstream:short)%00%(objectname)%00%(upstream:track)%00%(upstream:remotename)%00%(upstream:remoteref) refs/heads/main refs/remotes/main [1ms]
2023-03-07 16:47:43.168 [info] > git status -z -uall [1ms]
2023-03-07 16:47:45.889 [info] > git show --textconv :src/components/Sidebar/index.js [5ms]
2023-03-07 16:47:45.890 [info] > git ls-files --stage -- /home/jaden/projects/critterbug-art/src/components/Sidebar/index.js [2ms]
2023-03-07 16:47:46.141 [info] > git check-ignore -v -z --stdin [1ms]
2023-03-07 16:47:48.175 [info] > git config --get commit.template [0ms]
2023-03-07 16:47:48.180 [info] > git for-each-ref --format=%(refname)%00%(upstream:short)%00%(objectname)%00%(upstream:track)%00%(upstream:remotename)%00%(upstream:remoteref) refs/heads/main refs/remotes/main [1ms]
2023-03-07 16:47:48.184 [info] > git status -z -uall [1ms]
2023-03-07 16:47:50.162 [info] > git show --textconv :src/components/Sidebar/index.scss [3ms]
2023-03-07 16:47:50.162 [info] > git ls-files --stage -- /home/jaden/projects/critterbug-art/src/components/Sidebar/index.scss [1ms]
2023-03-07 16:47:50.432 [info] > git check-ignore -v -z --stdin [1ms]
2023-03-07 16:47:53.193 [info] > git config --get commit.template [0ms]
2023-03-07 16:47:53.197 [info] > git for-each-ref --format=%(refname)%00%(upstream:short)%00%(objectname)%00%(upstream:track)%00%(upstream:remotename)%00%(upstream:remoteref) refs/heads/main refs/remotes/main [1ms]
2023-03-07 16:47:53.200 [info] > git status -z -uall [0ms]
